[2019-05-02 13:22:19,943] [INFO] [Loading the datasets...]
[2019-05-02 13:23:34,598] [INFO] [- done.]
[2019-05-02 13:23:34,751] [INFO] [Starting training for 50 epoch(s)]
[2019-05-02 13:23:34,751] [INFO] [Epoch 1/50]
[2019-05-02 14:50:14,241] [INFO] [- Train metrics: accuracy: 0.835 - precision: 0.790 - recall: 0.810 - f1: 0.791 - loss: 0.318]
[2019-05-02 15:04:30,929] [INFO] [- Train ROC AUC score: 0.9517208628619365]
[2019-05-02 15:09:25,311] [INFO] [- Eval metrics : accuracy: 0.876 - precision: 0.850 - recall: 0.850 - f1: 0.847 - loss: 0.260]
[2019-05-02 15:14:06,054] [INFO] [- Val ROC AUC score: 0.9476356737075737]
[2019-05-02 15:14:06,176] [INFO] [- Found new best accuracy]
[2019-05-02 15:14:06,177] [INFO] [Epoch 2/50]
[2019-05-02 16:41:29,042] [INFO] [- Train metrics: accuracy: 0.884 - precision: 0.857 - recall: 0.871 - f1: 0.860 - loss: 0.248]
[2019-05-02 16:55:42,702] [INFO] [- Train ROC AUC score: 0.9617457790936443]
[2019-05-02 17:00:33,583] [INFO] [- Eval metrics : accuracy: 0.888 - precision: 0.861 - recall: 0.874 - f1: 0.864 - loss: 0.242]
[2019-05-02 17:05:13,548] [INFO] [- Val ROC AUC score: 0.9549097789613155]
[2019-05-02 17:05:14,095] [INFO] [- Found new best accuracy]
[2019-05-02 17:05:14,096] [INFO] [Epoch 3/50]
[2019-05-02 18:35:05,681] [INFO] [- Train metrics: accuracy: 0.895 - precision: 0.870 - recall: 0.882 - f1: 0.872 - loss: 0.233]
[2019-05-02 18:49:35,903] [INFO] [- Train ROC AUC score: 0.9665266907249533]
[2019-05-02 18:54:33,572] [INFO] [- Eval metrics : accuracy: 0.892 - precision: 0.867 - recall: 0.871 - f1: 0.866 - loss: 0.238]
[2019-05-02 18:59:19,454] [INFO] [- Val ROC AUC score: 0.9575094197534868]
[2019-05-02 18:59:20,007] [INFO] [- Found new best accuracy]
[2019-05-02 18:59:20,007] [INFO] [Epoch 4/50]
[2019-05-02 20:30:53,977] [INFO] [- Train metrics: accuracy: 0.900 - precision: 0.876 - recall: 0.887 - f1: 0.878 - loss: 0.223]
[2019-05-02 20:45:12,944] [INFO] [- Train ROC AUC score: 0.9670885435445875]
[2019-05-02 20:50:05,728] [INFO] [- Eval metrics : accuracy: 0.886 - precision: 0.855 - recall: 0.895 - f1: 0.867 - loss: 0.247]
[2019-05-02 20:54:49,348] [INFO] [- Val ROC AUC score: 0.9571718265655598]
[2019-05-02 20:54:50,026] [INFO] [- Found new best accuracy]
[2019-05-02 20:54:50,027] [INFO] [Epoch 5/50]
[2019-05-02 22:27:05,572] [INFO] [- Train metrics: accuracy: 0.904 - precision: 0.881 - recall: 0.891 - f1: 0.883 - loss: 0.216]
[2019-05-02 22:41:21,476] [INFO] [- Train ROC AUC score: 0.9708050501436777]
[2019-05-02 22:46:13,941] [INFO] [- Eval metrics : accuracy: 0.894 - precision: 0.870 - recall: 0.872 - f1: 0.869 - loss: 0.236]
[2019-05-02 22:50:59,199] [INFO] [- Val ROC AUC score: 0.9583474409938696]
[2019-05-02 22:50:59,834] [INFO] [- Found new best accuracy]
[2019-05-02 22:50:59,835] [INFO] [Epoch 6/50]
[2019-05-03 00:23:43,920] [INFO] [- Train metrics: accuracy: 0.908 - precision: 0.885 - recall: 0.896 - f1: 0.887 - loss: 0.212]
[2019-05-03 00:37:51,029] [INFO] [- Train ROC AUC score: 0.9723138170767988]
[2019-05-03 00:42:43,879] [INFO] [- Eval metrics : accuracy: 0.894 - precision: 0.869 - recall: 0.873 - f1: 0.869 - loss: 0.232]
[2019-05-03 00:47:26,035] [INFO] [- Val ROC AUC score: 0.9585199505096867]
[2019-05-03 00:47:26,576] [INFO] [- Found new best accuracy]
[2019-05-03 00:47:26,577] [INFO] [Epoch 7/50]
[2019-05-03 02:19:20,731] [INFO] [- Train metrics: accuracy: 0.910 - precision: 0.889 - recall: 0.898 - f1: 0.890 - loss: 0.204]
[2019-05-03 02:33:28,437] [INFO] [- Train ROC AUC score: 0.9744220890718871]
[2019-05-03 02:38:18,183] [INFO] [- Eval metrics : accuracy: 0.895 - precision: 0.866 - recall: 0.887 - f1: 0.873 - loss: 0.235]
[2019-05-03 02:43:00,360] [INFO] [- Val ROC AUC score: 0.9589369330259222]
[2019-05-03 02:43:00,896] [INFO] [- Found new best accuracy]
[2019-05-03 02:43:00,998] [INFO] [Epoch 8/50]
[2019-05-03 04:14:36,597] [INFO] [- Train metrics: accuracy: 0.913 - precision: 0.893 - recall: 0.901 - f1: 0.894 - loss: 0.200]
[2019-05-03 04:28:40,860] [INFO] [- Train ROC AUC score: 0.9753084577122717]
[2019-05-03 04:33:31,389] [INFO] [- Eval metrics : accuracy: 0.895 - precision: 0.871 - recall: 0.875 - f1: 0.870 - loss: 0.236]
[2019-05-03 04:38:12,030] [INFO] [- Val ROC AUC score: 0.9587205932464238]
[2019-05-03 04:38:12,312] [INFO] [Epoch 9/50]
[2019-05-03 06:11:33,264] [INFO] [- Train metrics: accuracy: 0.916 - precision: 0.896 - recall: 0.906 - f1: 0.898 - loss: 0.194]
[2019-05-03 06:25:37,587] [INFO] [- Train ROC AUC score: 0.9761155947323539]
[2019-05-03 06:30:27,067] [INFO] [- Eval metrics : accuracy: 0.893 - precision: 0.870 - recall: 0.867 - f1: 0.866 - loss: 0.258]
[2019-05-03 06:35:08,718] [INFO] [- Val ROC AUC score: 0.9579771351919699]
[2019-05-03 06:35:08,994] [INFO] [Epoch 10/50]
